<?xml version="1.0" encoding="UTF-8"?>
<testng-results ignored="0" total="2" passed="1" failed="1" skipped="0">
  <reporter-output>
    <line>
      <![CDATA[Chrome Browser launched Sucessfully]]>
    </line>
    <line>
      <![CDATA[Chrome Browser launched Sucessfully]]>
    </line>
  </reporter-output>
  <suite started-at="2025-02-07T11:58:13 IST" name="Default suite" finished-at="2025-02-07T11:59:17 IST" duration-ms="64417">
    <groups>
      <group name="cucumber">
        <method signature="AbstractTestNGCucumberTests.runScenario(io.cucumber.testng.PickleWrapper,io.cucumber.testng.FeatureWrapper)[pri:0, instance:com.Capium.TestRunFiles.CucumberRunnerTests@3c947bc5]" name="runScenario" class="io.cucumber.testng.AbstractTestNGCucumberTests"/>
      </group> <!-- cucumber -->
    </groups>
    <test started-at="2025-02-07T11:58:13 IST" name="Default test" finished-at="2025-02-07T11:59:17 IST" duration-ms="64417">
      <class name="com.Capium.TestRunFiles.CucumberRunnerTests">
        <test-method is-config="true" signature="setUpClass(org.testng.ITestContext)[pri:0, instance:com.Capium.TestRunFiles.CucumberRunnerTests@3c947bc5]" started-at="2025-02-07T11:58:13 IST" name="setUpClass" finished-at="2025-02-07T11:58:13 IST" duration-ms="910" status="PASS">
          <params>
            <param index="0">
              <value>
                <![CDATA[org.testng.TestRunner@bc8d68b]]>
              </value>
            </param>
          </params>
          <reporter-output>
          </reporter-output>
        </test-method> <!-- setUpClass -->
        <test-method signature="runScenario(io.cucumber.testng.PickleWrapper,io.cucumber.testng.FeatureWrapper)[pri:0, instance:com.Capium.TestRunFiles.CucumberRunnerTests@3c947bc5]" started-at="2025-02-07T11:58:13 IST" name="runScenario" description="Runs Cucumber Scenarios" data-provider="scenarios" finished-at="2025-02-07T11:58:18 IST" duration-ms="4030" status="PASS">
          <params>
            <param index="0">
              <value>
                <![CDATA["User login"]]>
              </value>
            </param>
            <param index="1">
              <value>
                <![CDATA["Login into Capium"]]>
              </value>
            </param>
          </params>
          <reporter-output>
            <line>
              <![CDATA[Chrome Browser launched Sucessfully]]>
            </line>
          </reporter-output>
        </test-method> <!-- runScenario -->
        <test-method signature="runScenario(io.cucumber.testng.PickleWrapper,io.cucumber.testng.FeatureWrapper)[pri:0, instance:com.Capium.TestRunFiles.CucumberRunnerTests@3c947bc5]" started-at="2025-02-07T11:58:18 IST" name="runScenario" description="Runs Cucumber Scenarios" data-provider="scenarios" finished-at="2025-02-07T11:59:14 IST" duration-ms="56767" status="FAIL">
          <params>
            <param index="0">
              <value>
                <![CDATA["Accounts Production Dashboard"]]>
              </value>
            </param>
            <param index="1">
              <value>
                <![CDATA["Login into Capium"]]>
              </value>
            </param>
          </params>
          <exception class="org.openqa.selenium.TimeoutException">
            <message>
              <![CDATA[Expected condition failed: waiting for visibility of [[ChromeDriver: chrome on windows (ffc2d520a634664f990dbcc184df4550)] -> id: CboType] (tried for 12 second(s) with 500 milliseconds interval)
Build info: version: '4.23.0', revision: '4df0a231af'
System info: os.name: 'Windows 11', os.arch: 'amd64', os.version: '10.0', java.version: '23.0.1'
Driver info: org.openqa.selenium.chrome.ChromeDriver
Capabilities {acceptInsecureCerts: false, browserName: chrome, browserVersion: 132.0.6834.110, chrome: {chromedriverVersion: 132.0.6834.159 (2d77d3fc445..., userDataDir: C:\Users\user\AppData\Local...}, fedcm:accounts: true, goog:chromeOptions: {debuggerAddress: localhost:56065}, networkConnectionEnabled: false, pageLoadStrategy: normal, platformName: windows, proxy: Proxy(), se:cdp: ws://localhost:56065/devtoo..., se:cdpVersion: 132.0.6834.110, setWindowRect: true, strictFileInteractability: false, timeouts: {implicit: 0, pageLoad: 300000, script: 30000}, unhandledPromptBehavior: dismiss and notify, webauthn:extension:credBlob: true, webauthn:extension:largeBlob: true, webauthn:extension:minPinLength: true, webauthn:extension:prf: true, webauthn:virtualAuthenticators: true}
Session ID: ffc2d520a634664f990dbcc184df4550]]>
            </message>
            <full-stacktrace>
              <![CDATA[org.openqa.selenium.TimeoutException: Expected condition failed: waiting for visibility of [[ChromeDriver: chrome on windows (ffc2d520a634664f990dbcc184df4550)] -> id: CboType] (tried for 12 second(s) with 500 milliseconds interval)
Build info: version: '4.23.0', revision: '4df0a231af'
System info: os.name: 'Windows 11', os.arch: 'amd64', os.version: '10.0', java.version: '23.0.1'
Driver info: org.openqa.selenium.chrome.ChromeDriver
Capabilities {acceptInsecureCerts: false, browserName: chrome, browserVersion: 132.0.6834.110, chrome: {chromedriverVersion: 132.0.6834.159 (2d77d3fc445..., userDataDir: C:\Users\user\AppData\Local...}, fedcm:accounts: true, goog:chromeOptions: {debuggerAddress: localhost:56065}, networkConnectionEnabled: false, pageLoadStrategy: normal, platformName: windows, proxy: Proxy(), se:cdp: ws://localhost:56065/devtoo..., se:cdpVersion: 132.0.6834.110, setWindowRect: true, strictFileInteractability: false, timeouts: {implicit: 0, pageLoad: 300000, script: 30000}, unhandledPromptBehavior: dismiss and notify, webauthn:extension:credBlob: true, webauthn:extension:largeBlob: true, webauthn:extension:minPinLength: true, webauthn:extension:prf: true, webauthn:virtualAuthenticators: true}
Session ID: ffc2d520a634664f990dbcc184df4550
at org.openqa.selenium.support.ui.WebDriverWait.timeoutException(WebDriverWait.java:84)
at org.openqa.selenium.support.ui.FluentWait.until(FluentWait.java:228)
at com.Capium.Utilies.HelperClass.selectFromDropdownAndObserveResults(HelperClass.java:121)
at com.Capium.stepDefinations.CapiumLoginDef_file.validate_client_type(CapiumLoginDef_file.java:122)
at ✽.Validate Client Type(file:///C:/Users/user/Downloads/Capium/Capium/src/test/resources/Features/CapiumLogin.feature:28)
]]>
            </full-stacktrace>
          </exception> <!-- org.openqa.selenium.TimeoutException -->
          <reporter-output>
            <line>
              <![CDATA[Chrome Browser launched Sucessfully]]>
            </line>
          </reporter-output>
        </test-method> <!-- runScenario -->
        <test-method is-config="true" signature="tearDownClass()[pri:0, instance:com.Capium.TestRunFiles.CucumberRunnerTests@3c947bc5]" started-at="2025-02-07T11:59:14 IST" name="tearDownClass" finished-at="2025-02-07T11:59:17 IST" duration-ms="2636" status="PASS">
          <reporter-output>
          </reporter-output>
        </test-method> <!-- tearDownClass -->
      </class> <!-- com.Capium.TestRunFiles.CucumberRunnerTests -->
    </test> <!-- Default test -->
  </suite> <!-- Default suite -->
</testng-results>
