<?xml version="1.0" encoding="UTF-8"?>
<!-- Generated by org.testng.reporters.JUnitReportReporter -->
<testsuite hostname="DESKTOP-6G3MAL6" failures="0" tests="10" name="com.Capium.TestRunFiles.Capium_BK_CIS_runfile" time="509.015" errors="4" timestamp="2025-06-20T14:23:19 IST" skipped="0">
  <testcase classname="com.Capium.TestRunFiles.Capium_BK_CIS_runfile" name="runScenario" time="42.423">
    <error message="Cannot load from object array because &quot;data&quot; is null" type="java.lang.NullPointerException">
      <![CDATA[java.lang.NullPointerException: Cannot load from object array because "data" is null
at com.Capium.Actions.Capium_Bookkeeping_CIS_Actions.AddCISPurchase(Capium_Bookkeeping_CIS_Actions.java:167)
at com.Capium.stepDefinations.Capium_Bookkeeping_CIS_stepdef.select_purchase_type_as_cis_invoice_and_select_supplier_as_subcontractor_created_and_enter_all_manditory_fields_and_click_on_save_and_close(Capium_Bookkeeping_CIS_stepdef.java:86)
at ✽.Select Purchase Type as CIS Invoice and Select supplier as subcontractor created and enter all manditory fields and click on Save and Close(file:///D:/Capium_Automation_BK3.0/Capium_BK_3.0/src/test/resources/Feature_CapiumPurchase/BK_CIS.feature:35)
]]>
    </error>
  </testcase> <!-- runScenario -->
  <testcase classname="com.Capium.TestRunFiles.Capium_BK_CIS_runfile" name="runScenario" time="41.832">
    <error message="Cannot load from object array because &quot;data&quot; is null" type="java.lang.NullPointerException">
      <![CDATA[java.lang.NullPointerException: Cannot load from object array because "data" is null
at com.Capium.Actions.Capium_Bookkeeping_CIS_Actions.Entersubcontractordetails(Capium_Bookkeeping_CIS_Actions.java:80)
at com.Capium.stepDefinations.Capium_Bookkeeping_CIS_stepdef.enter_all_manditory_fields_and_click_on_save_and_verify_subcontractor_added_successfully_or_not(Capium_Bookkeeping_CIS_stepdef.java:46)
at ✽.Enter all manditory fields and click on save and verify subcontractor added successfully or not(file:///D:/Capium_Automation_BK3.0/Capium_BK_3.0/src/test/resources/Feature_CapiumPurchase/BK_CIS.feature:16)
]]>
    </error>
  </testcase> <!-- runScenario -->
  <testcase classname="com.Capium.TestRunFiles.Capium_BK_CIS_runfile" name="runScenario" time="49.881">
    <error message="Expected condition failed: waiting for visibility of element located by By.xpath: //select[@class=&#039;ddlaactioncss input-xs&#039;] (tried for 10 second(s) with 500 milliseconds interval)
Build info: version: &#039;4.23.0&#039;, revision: &#039;4df0a231af&#039;
System info: os.name: &#039;Windows 11&#039;, os.arch: &#039;amd64&#039;, os.version: &#039;10.0&#039;, java.version: &#039;17.0.12&#039;
Driver info: org.openqa.selenium.chrome.ChromeDriver
Capabilities {acceptInsecureCerts: false, browserName: chrome, browserVersion: 137.0.7151.104, chrome: {chromedriverVersion: 137.0.7151.119 (e0ac9d12dff..., userDataDir: C:\Users\user\AppData\Local...}, fedcm:accounts: true, goog:chromeOptions: {debuggerAddress: localhost:64699}, networkConnectionEnabled: false, pageLoadStrategy: normal, platformName: windows, proxy: Proxy(), se:cdp: ws://localhost:64699/devtoo..., se:cdpVersion: 137.0.7151.104, setWindowRect: true, strictFileInteractability: false, timeouts: {implicit: 0, pageLoad: 300000, script: 30000}, unhandledPromptBehavior: dismiss and notify, webauthn:extension:credBlob: true, webauthn:extension:largeBlob: true, webauthn:extension:minPinLength: true, webauthn:extension:prf: true, webauthn:virtualAuthenticators: true}
Session ID: 1447f13dbb0daf1cc558dbd1e484228f" type="org.openqa.selenium.TimeoutException">
      <![CDATA[org.openqa.selenium.TimeoutException: Expected condition failed: waiting for visibility of element located by By.xpath: //select[@class='ddlaactioncss input-xs'] (tried for 10 second(s) with 500 milliseconds interval)
Build info: version: '4.23.0', revision: '4df0a231af'
System info: os.name: 'Windows 11', os.arch: 'amd64', os.version: '10.0', java.version: '17.0.12'
Driver info: org.openqa.selenium.chrome.ChromeDriver
Capabilities {acceptInsecureCerts: false, browserName: chrome, browserVersion: 137.0.7151.104, chrome: {chromedriverVersion: 137.0.7151.119 (e0ac9d12dff..., userDataDir: C:\Users\user\AppData\Local...}, fedcm:accounts: true, goog:chromeOptions: {debuggerAddress: localhost:64699}, networkConnectionEnabled: false, pageLoadStrategy: normal, platformName: windows, proxy: Proxy(), se:cdp: ws://localhost:64699/devtoo..., se:cdpVersion: 137.0.7151.104, setWindowRect: true, strictFileInteractability: false, timeouts: {implicit: 0, pageLoad: 300000, script: 30000}, unhandledPromptBehavior: dismiss and notify, webauthn:extension:credBlob: true, webauthn:extension:largeBlob: true, webauthn:extension:minPinLength: true, webauthn:extension:prf: true, webauthn:virtualAuthenticators: true}
Session ID: 1447f13dbb0daf1cc558dbd1e484228f
at org.openqa.selenium.support.ui.WebDriverWait.timeoutException(WebDriverWait.java:84)
at org.openqa.selenium.support.ui.FluentWait.until(FluentWait.java:228)
at com.Capium.Actions.Capium_Bookkeeping_CIS_Actions.ClickOnActionsInSubcontractor(Capium_Bookkeeping_CIS_Actions.java:149)
at com.Capium.stepDefinations.Capium_Bookkeeping_CIS_stepdef.click_on_actions_dropdown_in_subcontractor(Capium_Bookkeeping_CIS_stepdef.java:54)
at ✽.Click on Actions dropdown in Subcontractor(file:///D:/Capium_Automation_BK3.0/Capium_BK_3.0/src/test/resources/Feature_CapiumPurchase/BK_CIS.feature:23)
]]>
    </error>
  </testcase> <!-- runScenario -->
  <testcase classname="com.Capium.TestRunFiles.Capium_BK_CIS_runfile" name="runScenario" time="57.462"/>
  <testcase classname="com.Capium.TestRunFiles.Capium_BK_CIS_runfile" name="runScenario" time="61.189"/>
  <testcase classname="com.Capium.TestRunFiles.Capium_BK_CIS_runfile" name="runScenario" time="44.046"/>
  <testcase classname="com.Capium.TestRunFiles.Capium_BK_CIS_runfile" name="runScenario" time="54.278"/>
  <testcase classname="com.Capium.TestRunFiles.Capium_BK_CIS_runfile" name="runScenario" time="60.379"/>
  <testcase classname="com.Capium.TestRunFiles.Capium_BK_CIS_runfile" name="runScenario" time="45.374"/>
  <testcase classname="com.Capium.TestRunFiles.Capium_BK_CIS_runfile" name="runScenario" time="52.151">
    <error message="Expected condition failed: waiting for visibility of element located by By.xpath: //input[contains(@name,&#039;VDate&#039;) or contains(@id,&#039;VDate&#039;)] (tried for 10 second(s) with 500 milliseconds interval)
Build info: version: &#039;4.23.0&#039;, revision: &#039;4df0a231af&#039;
System info: os.name: &#039;Windows 11&#039;, os.arch: &#039;amd64&#039;, os.version: &#039;10.0&#039;, java.version: &#039;17.0.12&#039;
Driver info: org.openqa.selenium.chrome.ChromeDriver
Capabilities {acceptInsecureCerts: false, browserName: chrome, browserVersion: 137.0.7151.104, chrome: {chromedriverVersion: 137.0.7151.119 (e0ac9d12dff..., userDataDir: C:\Users\user\AppData\Local...}, fedcm:accounts: true, goog:chromeOptions: {debuggerAddress: localhost:64699}, networkConnectionEnabled: false, pageLoadStrategy: normal, platformName: windows, proxy: Proxy(), se:cdp: ws://localhost:64699/devtoo..., se:cdpVersion: 137.0.7151.104, setWindowRect: true, strictFileInteractability: false, timeouts: {implicit: 0, pageLoad: 300000, script: 30000}, unhandledPromptBehavior: dismiss and notify, webauthn:extension:credBlob: true, webauthn:extension:largeBlob: true, webauthn:extension:minPinLength: true, webauthn:extension:prf: true, webauthn:virtualAuthenticators: true}
Session ID: 1447f13dbb0daf1cc558dbd1e484228f" type="org.openqa.selenium.TimeoutException">
      <![CDATA[org.openqa.selenium.TimeoutException: Expected condition failed: waiting for visibility of element located by By.xpath: //input[contains(@name,'VDate') or contains(@id,'VDate')] (tried for 10 second(s) with 500 milliseconds interval)
Build info: version: '4.23.0', revision: '4df0a231af'
System info: os.name: 'Windows 11', os.arch: 'amd64', os.version: '10.0', java.version: '17.0.12'
Driver info: org.openqa.selenium.chrome.ChromeDriver
Capabilities {acceptInsecureCerts: false, browserName: chrome, browserVersion: 137.0.7151.104, chrome: {chromedriverVersion: 137.0.7151.119 (e0ac9d12dff..., userDataDir: C:\Users\user\AppData\Local...}, fedcm:accounts: true, goog:chromeOptions: {debuggerAddress: localhost:64699}, networkConnectionEnabled: false, pageLoadStrategy: normal, platformName: windows, proxy: Proxy(), se:cdp: ws://localhost:64699/devtoo..., se:cdpVersion: 137.0.7151.104, setWindowRect: true, strictFileInteractability: false, timeouts: {implicit: 0, pageLoad: 300000, script: 30000}, unhandledPromptBehavior: dismiss and notify, webauthn:extension:credBlob: true, webauthn:extension:largeBlob: true, webauthn:extension:minPinLength: true, webauthn:extension:prf: true, webauthn:virtualAuthenticators: true}
Session ID: 1447f13dbb0daf1cc558dbd1e484228f
at org.openqa.selenium.support.ui.WebDriverWait.timeoutException(WebDriverWait.java:84)
at org.openqa.selenium.support.ui.FluentWait.until(FluentWait.java:228)
at com.Capium.Actions.Capium_Bookkeeping_CIS_Actions.fillAddPaymentForm(Capium_Bookkeeping_CIS_Actions.java:237)
at com.Capium.stepDefinations.Capium_Bookkeeping_CIS_stepdef.select_account_type_as_cash_in_hand_or_bank_and_enter_some_amount_and_all_manditory_fields_and_click_on_save(Capium_Bookkeeping_CIS_stepdef.java:101)
at ✽.Select Account type as cash in hand or bank and Enter some amount and all manditory fields and click on Save(file:///D:/Capium_Automation_BK3.0/Capium_BK_3.0/src/test/resources/Feature_CapiumPurchase/BK_CIS.feature:44)
]]>
    </error>
  </testcase> <!-- runScenario -->
</testsuite> <!-- com.Capium.TestRunFiles.Capium_BK_CIS_runfile -->
