<?xml version="1.0" encoding="UTF-8"?>
<!-- Generated by org.testng.reporters.JUnitReportReporter -->
<testsuite hostname="DESKTOP-6G3MAL6" failures="0" tests="13" name="com.Capium.TestRunFiles.Capium_BK_Tasks_runfile" time="779.634" errors="0" timestamp="2025-06-20T14:23:19 IST" skipped="0">
  <testcase classname="com.Capium.TestRunFiles.Capium_BK_Tasks_runfile" name="runScenario" time="41.970"/>
  <testcase classname="com.Capium.TestRunFiles.Capium_BK_Tasks_runfile" name="runScenario" time="40.855"/>
  <testcase classname="com.Capium.TestRunFiles.Capium_BK_Tasks_runfile" name="runScenario" time="48.742"/>
  <testcase classname="com.Capium.TestRunFiles.Capium_BK_Tasks_runfile" name="runScenario" time="49.131"/>
  <testcase classname="com.Capium.TestRunFiles.Capium_BK_Tasks_runfile" name="runScenario" time="41.797"/>
  <testcase classname="com.Capium.TestRunFiles.Capium_BK_Tasks_runfile" name="runScenario" time="44.821"/>
  <testcase classname="com.Capium.TestRunFiles.Capium_BK_Tasks_runfile" name="runScenario" time="58.640"/>
  <testcase classname="com.Capium.TestRunFiles.Capium_BK_Tasks_runfile" name="runScenario" time="61.397"/>
  <testcase classname="com.Capium.TestRunFiles.Capium_BK_Tasks_runfile" name="runScenario" time="41.948"/>
  <testcase classname="com.Capium.TestRunFiles.Capium_BK_Tasks_runfile" name="runScenario" time="53.330"/>
  <testcase classname="com.Capium.TestRunFiles.Capium_BK_Tasks_runfile" name="runScenario" time="41.874"/>
  <testcase classname="com.Capium.TestRunFiles.Capium_BK_Tasks_runfile" name="runScenario" time="107.683"/>
  <testcase classname="com.Capium.TestRunFiles.Capium_BK_Tasks_runfile" name="runScenario" time="147.446"/>
</testsuite> <!-- com.Capium.TestRunFiles.Capium_BK_Tasks_runfile -->
