<?xml version="1.0" encoding="UTF-8"?>
<!-- Generated by org.testng.reporters.JUnitReportReporter -->
<testsuite hostname="DESKTOP-6G3MAL6" failures="0" tests="11" name="com.Capium.TestRunFiles.Capium_BK_Sales_runfile" time="745.325" errors="1" timestamp="2025-06-20T14:23:19 IST" skipped="0">
  <testcase classname="com.Capium.TestRunFiles.Capium_BK_Sales_runfile" name="runScenario" time="42.207"/>
  <testcase classname="com.Capium.TestRunFiles.Capium_BK_Sales_runfile" name="runScenario" time="91.315"/>
  <testcase classname="com.Capium.TestRunFiles.Capium_BK_Sales_runfile" name="runScenario" time="77.706"/>
  <testcase classname="com.Capium.TestRunFiles.Capium_BK_Sales_runfile" name="runScenario" time="55.195"/>
  <testcase classname="com.Capium.TestRunFiles.Capium_BK_Sales_runfile" name="runScenario" time="83.941"/>
  <testcase classname="com.Capium.TestRunFiles.Capium_BK_Sales_runfile" name="runScenario" time="76.476">
    <error message="Cannot run program &quot;D:\Autoit\FileUpload.exe&quot;: CreateProcess error=2, The system cannot find the file specified" type="java.io.IOException">
      <![CDATA[java.io.IOException: Cannot run program "D:\Autoit\FileUpload.exe": CreateProcess error=2, The system cannot find the file specified
at java.base/java.lang.ProcessBuilder.start(ProcessBuilder.java:1143)
at java.base/java.lang.ProcessBuilder.start(ProcessBuilder.java:1073)
at java.base/java.lang.Runtime.exec(Runtime.java:594)
at java.base/java.lang.Runtime.exec(Runtime.java:418)
at java.base/java.lang.Runtime.exec(Runtime.java:315)
at com.Capium.Actions.Capium_Bookkeeping_Sales_Actions.InvoiceAttachments(Capium_Bookkeeping_Sales_Actions.java:582)
at com.Capium.stepDefinations.Capium_Bookkeeping_Sales_Stepdef.select_attachments_action_and_attach_a_file(Capium_Bookkeeping_Sales_Stepdef.java:338)
at ✽.Select Attachments Action and attach a file(file:///D:/Capium_Automation_BK3.0/Capium_BK_3.0/src/test/resources/Feature_CapiumPurchase/BK_Sales.feature:106)
Caused by: java.io.IOException: CreateProcess error=2, The system cannot find the file specified
at java.base/java.lang.ProcessImpl.create(Native Method)
at java.base/java.lang.ProcessImpl.<init>(ProcessImpl.java:499)
at java.base/java.lang.ProcessImpl.start(ProcessImpl.java:158)
at java.base/java.lang.ProcessBuilder.start(ProcessBuilder.java:1110)
at java.base/java.lang.ProcessBuilder.start(ProcessBuilder.java:1073)
at java.base/java.lang.Runtime.exec(Runtime.java:594)
at java.base/java.lang.Runtime.exec(Runtime.java:418)
at java.base/java.lang.Runtime.exec(Runtime.java:315)
at com.Capium.Actions.Capium_Bookkeeping_Sales_Actions.InvoiceAttachments(Capium_Bookkeeping_Sales_Actions.java:582)
at com.Capium.stepDefinations.Capium_Bookkeeping_Sales_Stepdef.select_attachments_action_and_attach_a_file(Capium_Bookkeeping_Sales_Stepdef.java:338)
at java.base/jdk.internal.reflect.NativeMethodAccessorImpl.invoke0(Native Method)
at java.base/jdk.internal.reflect.NativeMethodAccessorImpl.invoke(NativeMethodAccessorImpl.java:77)
at java.base/jdk.internal.reflect.DelegatingMethodAccessorImpl.invoke(DelegatingMethodAccessorImpl.java:43)
at java.base/java.lang.reflect.Method.invoke(Method.java:568)
at io.cucumber.java.Invoker.doInvoke(Invoker.java:66)
at io.cucumber.java.Invoker.invoke(Invoker.java:24)
at io.cucumber.java.AbstractGlueDefinition.invokeMethod(AbstractGlueDefinition.java:47)
at io.cucumber.java.JavaStepDefinition.execute(JavaStepDefinition.java:29)
at io.cucumber.core.runner.CoreStepDefinition.execute(CoreStepDefinition.java:66)
at io.cucumber.core.runner.PickleStepDefinitionMatch.runStep(PickleStepDefinitionMatch.java:63)
at io.cucumber.core.runner.ExecutionMode$1.execute(ExecutionMode.java:10)
at io.cucumber.core.runner.TestStep.executeStep(TestStep.java:81)
at io.cucumber.core.runner.TestStep.run(TestStep.java:53)
at io.cucumber.core.runner.PickleStepTestStep.run(PickleStepTestStep.java:51)
at io.cucumber.core.runner.TestCase.run(TestCase.java:84)
at io.cucumber.core.runner.Runner.runPickle(Runner.java:75)
at io.cucumber.testng.TestNGCucumberRunner.lambda$runScenario$1(TestNGCucumberRunner.java:132)
at io.cucumber.core.runtime.CucumberExecutionContext.lambda$runTestCase$5(CucumberExecutionContext.java:136)
at io.cucumber.core.runtime.RethrowingThrowableCollector.executeAndThrow(RethrowingThrowableCollector.java:23)
at io.cucumber.core.runtime.CucumberExecutionContext.runTestCase(CucumberExecutionContext.java:136)
at io.cucumber.testng.TestNGCucumberRunner.runScenario(TestNGCucumberRunner.java:129)
at io.cucumber.testng.AbstractTestNGCucumberTests.runScenario(AbstractTestNGCucumberTests.java:35)
at java.base/jdk.internal.reflect.NativeMethodAccessorImpl.invoke0(Native Method)
at java.base/jdk.internal.reflect.NativeMethodAccessorImpl.invoke(NativeMethodAccessorImpl.java:77)
at java.base/jdk.internal.reflect.DelegatingMethodAccessorImpl.invoke(DelegatingMethodAccessorImpl.java:43)
at java.base/java.lang.reflect.Method.invoke(Method.java:568)
at org.testng.internal.invokers.MethodInvocationHelper.invokeMethod(MethodInvocationHelper.java:141)
at org.testng.internal.invokers.TestInvoker.invokeMethod(TestInvoker.java:686)
at org.testng.internal.invokers.TestInvoker.invokeTestMethod(TestInvoker.java:230)
at org.testng.internal.invokers.MethodRunner.runInSequence(MethodRunner.java:63)
at org.testng.internal.invokers.TestInvoker$MethodInvocationAgent.invoke(TestInvoker.java:992)
at org.testng.internal.invokers.TestInvoker.invokeTestMethods(TestInvoker.java:203)
at org.testng.internal.invokers.TestMethodWorker.invokeTestMethods(TestMethodWorker.java:154)
at org.testng.internal.invokers.TestMethodWorker.run(TestMethodWorker.java:134)
at java.base/java.util.ArrayList.forEach(ArrayList.java:1511)
at org.testng.TestRunner.privateRun(TestRunner.java:739)
at org.testng.TestRunner.run(TestRunner.java:614)
at org.testng.SuiteRunner.runTest(SuiteRunner.java:421)
at org.testng.SuiteRunner.runSequentially(SuiteRunner.java:413)
at org.testng.SuiteRunner.privateRun(SuiteRunner.java:373)
at org.testng.SuiteRunner.run(SuiteRunner.java:312)
at org.testng.SuiteRunnerWorker.runSuite(SuiteRunnerWorker.java:52)
at org.testng.SuiteRunnerWorker.run(SuiteRunnerWorker.java:95)
at org.testng.TestNG.runSuitesSequentially(TestNG.java:1274)
at org.testng.TestNG.runSuitesLocally(TestNG.java:1208)
at org.testng.TestNG.runSuites(TestNG.java:1112)
at org.testng.TestNG.run(TestNG.java:1079)
at org.testng.remote.AbstractRemoteTestNG.run(AbstractRemoteTestNG.java:115)
at org.testng.remote.RemoteTestNG.initAndRun(RemoteTestNG.java:293)
at org.testng.remote.RemoteTestNG.main(RemoteTestNG.java:91)
]]>
    </error>
  </testcase> <!-- runScenario -->
  <testcase classname="com.Capium.TestRunFiles.Capium_BK_Sales_runfile" name="runScenario" time="108.614"/>
  <testcase classname="com.Capium.TestRunFiles.Capium_BK_Sales_runfile" name="runScenario" time="49.571"/>
  <testcase classname="com.Capium.TestRunFiles.Capium_BK_Sales_runfile" name="runScenario" time="57.071"/>
  <testcase classname="com.Capium.TestRunFiles.Capium_BK_Sales_runfile" name="runScenario" time="53.039"/>
  <testcase classname="com.Capium.TestRunFiles.Capium_BK_Sales_runfile" name="runScenario" time="50.190"/>
</testsuite> <!-- com.Capium.TestRunFiles.Capium_BK_Sales_runfile -->
