<?xml version="1.0" encoding="UTF-8"?>
<!-- Generated by org.testng.reporters.JUnitReportReporter -->
<testsuite hostname="DESKTOP-6G3MAL6" failures="0" tests="4" name="com.Capium.TestRunFiles.Capium_BK_Contacts_runfile" time="288.257" errors="0" timestamp="2025-06-20T15:33:51 IST" skipped="0">
  <testcase classname="com.Capium.TestRunFiles.Capium_BK_Contacts_runfile" name="runScenario" time="74.937"/>
  <testcase classname="com.Capium.TestRunFiles.Capium_BK_Contacts_runfile" name="runScenario" time="78.752"/>
  <testcase classname="com.Capium.TestRunFiles.Capium_BK_Contacts_runfile" name="runScenario" time="58.505"/>
  <testcase classname="com.Capium.TestRunFiles.Capium_BK_Contacts_runfile" name="runScenario" time="76.063"/>
</testsuite> <!-- com.Capium.TestRunFiles.Capium_BK_Contacts_runfile -->
