<?xml version="1.0" encoding="UTF-8"?>
<!-- Generated by org.testng.reporters.JUnitReportReporter -->
<testsuite hostname="DESKTOP-6G3MAL6" failures="0" tests="7" name="com.Capium.TestRunFiles.Capium_BK_QuickEntry_runfile" time="326.957" errors="7" timestamp="2025-06-20T14:23:19 IST" skipped="0">
  <testcase classname="com.Capium.TestRunFiles.Capium_BK_QuickEntry_runfile" name="runScenario" time="40.822">
    <error message="Cannot read the array length because &quot;data&quot; is null" type="java.lang.NullPointerException">
      <![CDATA[java.lang.NullPointerException: Cannot read the array length because "data" is null
at com.Capium.Actions.Capium_Bookkeeping_QuickEntery_Actions.createReceiptEntry(Capium_Bookkeeping_QuickEntery_Actions.java:66)
at com.Capium.stepDefinations.Capium_Bookkeeping_QuickEntry_Stepdef.add_receipt_type_quick_entry_and_verify(Capium_Bookkeeping_QuickEntry_Stepdef.java:34)
at ✽.Add Receipt type QuickEntry and verify(file:///D:/Capium_Automation_BK3.0/Capium_BK_3.0/src/test/resources/Feature_CapiumPurchase/BK_QuickEntry.feature:15)
]]>
    </error>
  </testcase> <!-- runScenario -->
  <testcase classname="com.Capium.TestRunFiles.Capium_BK_QuickEntry_runfile" name="runScenario" time="46.515">
    <error message="Expected condition failed: waiting for visibility of element located by By.xpath: (//select[@id=&#039;ddlaction&#039;])[1] (tried for 10 second(s) with 500 milliseconds interval)
Build info: version: &#039;4.23.0&#039;, revision: &#039;4df0a231af&#039;
System info: os.name: &#039;Windows 11&#039;, os.arch: &#039;amd64&#039;, os.version: &#039;10.0&#039;, java.version: &#039;17.0.12&#039;
Driver info: org.openqa.selenium.chrome.ChromeDriver
Capabilities {acceptInsecureCerts: false, browserName: chrome, browserVersion: 137.0.7151.104, chrome: {chromedriverVersion: 137.0.7151.119 (e0ac9d12dff..., userDataDir: C:\Users\user\AppData\Local...}, fedcm:accounts: true, goog:chromeOptions: {debuggerAddress: localhost:64500}, networkConnectionEnabled: false, pageLoadStrategy: normal, platformName: windows, proxy: Proxy(), se:cdp: ws://localhost:64500/devtoo..., se:cdpVersion: 137.0.7151.104, setWindowRect: true, strictFileInteractability: false, timeouts: {implicit: 0, pageLoad: 300000, script: 30000}, unhandledPromptBehavior: dismiss and notify, webauthn:extension:credBlob: true, webauthn:extension:largeBlob: true, webauthn:extension:minPinLength: true, webauthn:extension:prf: true, webauthn:virtualAuthenticators: true}
Session ID: ec7709b39027768949ab1f23378beacc" type="org.openqa.selenium.TimeoutException">
      <![CDATA[org.openqa.selenium.TimeoutException: Expected condition failed: waiting for visibility of element located by By.xpath: (//select[@id='ddlaction'])[1] (tried for 10 second(s) with 500 milliseconds interval)
Build info: version: '4.23.0', revision: '4df0a231af'
System info: os.name: 'Windows 11', os.arch: 'amd64', os.version: '10.0', java.version: '17.0.12'
Driver info: org.openqa.selenium.chrome.ChromeDriver
Capabilities {acceptInsecureCerts: false, browserName: chrome, browserVersion: 137.0.7151.104, chrome: {chromedriverVersion: 137.0.7151.119 (e0ac9d12dff..., userDataDir: C:\Users\user\AppData\Local...}, fedcm:accounts: true, goog:chromeOptions: {debuggerAddress: localhost:64500}, networkConnectionEnabled: false, pageLoadStrategy: normal, platformName: windows, proxy: Proxy(), se:cdp: ws://localhost:64500/devtoo..., se:cdpVersion: 137.0.7151.104, setWindowRect: true, strictFileInteractability: false, timeouts: {implicit: 0, pageLoad: 300000, script: 30000}, unhandledPromptBehavior: dismiss and notify, webauthn:extension:credBlob: true, webauthn:extension:largeBlob: true, webauthn:extension:minPinLength: true, webauthn:extension:prf: true, webauthn:virtualAuthenticators: true}
Session ID: ec7709b39027768949ab1f23378beacc
at org.openqa.selenium.support.ui.WebDriverWait.timeoutException(WebDriverWait.java:84)
at org.openqa.selenium.support.ui.FluentWait.until(FluentWait.java:228)
at com.Capium.Actions.Capium_Bookkeeping_QuickEntery_Actions.ClickOnDelete(Capium_Bookkeeping_QuickEntery_Actions.java:185)
at com.Capium.stepDefinations.Capium_Bookkeeping_QuickEntry_Stepdef.click_on_delete_option_in_action_dropdown(Capium_Bookkeeping_QuickEntry_Stepdef.java:97)
at ✽.Click on Delete option in Action dropdown(file:///D:/Capium_Automation_BK3.0/Capium_BK_3.0/src/test/resources/Feature_CapiumPurchase/BK_QuickEntry.feature:57)
]]>
    </error>
  </testcase> <!-- runScenario -->
  <testcase classname="com.Capium.TestRunFiles.Capium_BK_QuickEntry_runfile" name="runScenario" time="48.105">
    <error message="Expected condition failed: waiting for visibility of element located by By.xpath: (//select[@id=&#039;ddlaction&#039;])[1] (tried for 10 second(s) with 500 milliseconds interval)
Build info: version: &#039;4.23.0&#039;, revision: &#039;4df0a231af&#039;
System info: os.name: &#039;Windows 11&#039;, os.arch: &#039;amd64&#039;, os.version: &#039;10.0&#039;, java.version: &#039;17.0.12&#039;
Driver info: org.openqa.selenium.chrome.ChromeDriver
Capabilities {acceptInsecureCerts: false, browserName: chrome, browserVersion: 137.0.7151.104, chrome: {chromedriverVersion: 137.0.7151.119 (e0ac9d12dff..., userDataDir: C:\Users\user\AppData\Local...}, fedcm:accounts: true, goog:chromeOptions: {debuggerAddress: localhost:64500}, networkConnectionEnabled: false, pageLoadStrategy: normal, platformName: windows, proxy: Proxy(), se:cdp: ws://localhost:64500/devtoo..., se:cdpVersion: 137.0.7151.104, setWindowRect: true, strictFileInteractability: false, timeouts: {implicit: 0, pageLoad: 300000, script: 30000}, unhandledPromptBehavior: dismiss and notify, webauthn:extension:credBlob: true, webauthn:extension:largeBlob: true, webauthn:extension:minPinLength: true, webauthn:extension:prf: true, webauthn:virtualAuthenticators: true}
Session ID: ec7709b39027768949ab1f23378beacc" type="org.openqa.selenium.TimeoutException">
      <![CDATA[org.openqa.selenium.TimeoutException: Expected condition failed: waiting for visibility of element located by By.xpath: (//select[@id='ddlaction'])[1] (tried for 10 second(s) with 500 milliseconds interval)
Build info: version: '4.23.0', revision: '4df0a231af'
System info: os.name: 'Windows 11', os.arch: 'amd64', os.version: '10.0', java.version: '17.0.12'
Driver info: org.openqa.selenium.chrome.ChromeDriver
Capabilities {acceptInsecureCerts: false, browserName: chrome, browserVersion: 137.0.7151.104, chrome: {chromedriverVersion: 137.0.7151.119 (e0ac9d12dff..., userDataDir: C:\Users\user\AppData\Local...}, fedcm:accounts: true, goog:chromeOptions: {debuggerAddress: localhost:64500}, networkConnectionEnabled: false, pageLoadStrategy: normal, platformName: windows, proxy: Proxy(), se:cdp: ws://localhost:64500/devtoo..., se:cdpVersion: 137.0.7151.104, setWindowRect: true, strictFileInteractability: false, timeouts: {implicit: 0, pageLoad: 300000, script: 30000}, unhandledPromptBehavior: dismiss and notify, webauthn:extension:credBlob: true, webauthn:extension:largeBlob: true, webauthn:extension:minPinLength: true, webauthn:extension:prf: true, webauthn:virtualAuthenticators: true}
Session ID: ec7709b39027768949ab1f23378beacc
at org.openqa.selenium.support.ui.WebDriverWait.timeoutException(WebDriverWait.java:84)
at org.openqa.selenium.support.ui.FluentWait.until(FluentWait.java:228)
at com.Capium.Actions.Capium_Bookkeeping_QuickEntery_Actions.ClickOnEdit(Capium_Bookkeeping_QuickEntery_Actions.java:180)
at com.Capium.stepDefinations.Capium_Bookkeeping_QuickEntry_Stepdef.click_edit_on_existing_quick_entry(Capium_Bookkeeping_QuickEntry_Stepdef.java:48)
at ✽.Click Edit on Existing QuickEntry(file:///D:/Capium_Automation_BK3.0/Capium_BK_3.0/src/test/resources/Feature_CapiumPurchase/BK_QuickEntry.feature:35)
]]>
    </error>
  </testcase> <!-- runScenario -->
  <testcase classname="com.Capium.TestRunFiles.Capium_BK_QuickEntry_runfile" name="runScenario" time="46.932">
    <error message="Expected condition failed: waiting for visibility of element located by By.xpath: (//select[@id=&#039;ddlaction&#039;])[1] (tried for 10 second(s) with 500 milliseconds interval)
Build info: version: &#039;4.23.0&#039;, revision: &#039;4df0a231af&#039;
System info: os.name: &#039;Windows 11&#039;, os.arch: &#039;amd64&#039;, os.version: &#039;10.0&#039;, java.version: &#039;17.0.12&#039;
Driver info: org.openqa.selenium.chrome.ChromeDriver
Capabilities {acceptInsecureCerts: false, browserName: chrome, browserVersion: 137.0.7151.104, chrome: {chromedriverVersion: 137.0.7151.119 (e0ac9d12dff..., userDataDir: C:\Users\user\AppData\Local...}, fedcm:accounts: true, goog:chromeOptions: {debuggerAddress: localhost:64500}, networkConnectionEnabled: false, pageLoadStrategy: normal, platformName: windows, proxy: Proxy(), se:cdp: ws://localhost:64500/devtoo..., se:cdpVersion: 137.0.7151.104, setWindowRect: true, strictFileInteractability: false, timeouts: {implicit: 0, pageLoad: 300000, script: 30000}, unhandledPromptBehavior: dismiss and notify, webauthn:extension:credBlob: true, webauthn:extension:largeBlob: true, webauthn:extension:minPinLength: true, webauthn:extension:prf: true, webauthn:virtualAuthenticators: true}
Session ID: ec7709b39027768949ab1f23378beacc" type="org.openqa.selenium.TimeoutException">
      <![CDATA[org.openqa.selenium.TimeoutException: Expected condition failed: waiting for visibility of element located by By.xpath: (//select[@id='ddlaction'])[1] (tried for 10 second(s) with 500 milliseconds interval)
Build info: version: '4.23.0', revision: '4df0a231af'
System info: os.name: 'Windows 11', os.arch: 'amd64', os.version: '10.0', java.version: '17.0.12'
Driver info: org.openqa.selenium.chrome.ChromeDriver
Capabilities {acceptInsecureCerts: false, browserName: chrome, browserVersion: 137.0.7151.104, chrome: {chromedriverVersion: 137.0.7151.119 (e0ac9d12dff..., userDataDir: C:\Users\user\AppData\Local...}, fedcm:accounts: true, goog:chromeOptions: {debuggerAddress: localhost:64500}, networkConnectionEnabled: false, pageLoadStrategy: normal, platformName: windows, proxy: Proxy(), se:cdp: ws://localhost:64500/devtoo..., se:cdpVersion: 137.0.7151.104, setWindowRect: true, strictFileInteractability: false, timeouts: {implicit: 0, pageLoad: 300000, script: 30000}, unhandledPromptBehavior: dismiss and notify, webauthn:extension:credBlob: true, webauthn:extension:largeBlob: true, webauthn:extension:minPinLength: true, webauthn:extension:prf: true, webauthn:virtualAuthenticators: true}
Session ID: ec7709b39027768949ab1f23378beacc
at org.openqa.selenium.support.ui.WebDriverWait.timeoutException(WebDriverWait.java:84)
at org.openqa.selenium.support.ui.FluentWait.until(FluentWait.java:228)
at com.Capium.Actions.Capium_Bookkeeping_QuickEntery_Actions.ClickOnEdit(Capium_Bookkeeping_QuickEntery_Actions.java:180)
at com.Capium.stepDefinations.Capium_Bookkeeping_QuickEntry_Stepdef.click_edit_on_existing_quick_entry(Capium_Bookkeeping_QuickEntry_Stepdef.java:48)
at ✽.Click Edit on Existing QuickEntry(file:///D:/Capium_Automation_BK3.0/Capium_BK_3.0/src/test/resources/Feature_CapiumPurchase/BK_QuickEntry.feature:43)
]]>
    </error>
  </testcase> <!-- runScenario -->
  <testcase classname="com.Capium.TestRunFiles.Capium_BK_QuickEntry_runfile" name="runScenario" time="43.541">
    <error message="Cannot read the array length because &quot;data&quot; is null" type="java.lang.NullPointerException">
      <![CDATA[java.lang.NullPointerException: Cannot read the array length because "data" is null
at com.Capium.Actions.Capium_Bookkeeping_QuickEntery_Actions.createPaymentEntry(Capium_Bookkeeping_QuickEntery_Actions.java:99)
at com.Capium.stepDefinations.Capium_Bookkeeping_QuickEntry_Stepdef.add_payment_type_quick_entry_and_verify(Capium_Bookkeeping_QuickEntry_Stepdef.java:41)
at ✽.Add Payment type QuickEntry and verify(file:///D:/Capium_Automation_BK3.0/Capium_BK_3.0/src/test/resources/Feature_CapiumPurchase/BK_QuickEntry.feature:22)
]]>
    </error>
  </testcase> <!-- runScenario -->
  <testcase classname="com.Capium.TestRunFiles.Capium_BK_QuickEntry_runfile" name="runScenario" time="53.908">
    <error message="Expected condition failed: waiting for visibility of element located by By.xpath: (//select[@id=&#039;ddlaction&#039;])[1] (tried for 10 second(s) with 500 milliseconds interval)
Build info: version: &#039;4.23.0&#039;, revision: &#039;4df0a231af&#039;
System info: os.name: &#039;Windows 11&#039;, os.arch: &#039;amd64&#039;, os.version: &#039;10.0&#039;, java.version: &#039;17.0.12&#039;
Driver info: org.openqa.selenium.chrome.ChromeDriver
Capabilities {acceptInsecureCerts: false, browserName: chrome, browserVersion: 137.0.7151.104, chrome: {chromedriverVersion: 137.0.7151.119 (e0ac9d12dff..., userDataDir: C:\Users\user\AppData\Local...}, fedcm:accounts: true, goog:chromeOptions: {debuggerAddress: localhost:64500}, networkConnectionEnabled: false, pageLoadStrategy: normal, platformName: windows, proxy: Proxy(), se:cdp: ws://localhost:64500/devtoo..., se:cdpVersion: 137.0.7151.104, setWindowRect: true, strictFileInteractability: false, timeouts: {implicit: 0, pageLoad: 300000, script: 30000}, unhandledPromptBehavior: dismiss and notify, webauthn:extension:credBlob: true, webauthn:extension:largeBlob: true, webauthn:extension:minPinLength: true, webauthn:extension:prf: true, webauthn:virtualAuthenticators: true}
Session ID: ec7709b39027768949ab1f23378beacc" type="org.openqa.selenium.TimeoutException">
      <![CDATA[org.openqa.selenium.TimeoutException: Expected condition failed: waiting for visibility of element located by By.xpath: (//select[@id='ddlaction'])[1] (tried for 10 second(s) with 500 milliseconds interval)
Build info: version: '4.23.0', revision: '4df0a231af'
System info: os.name: 'Windows 11', os.arch: 'amd64', os.version: '10.0', java.version: '17.0.12'
Driver info: org.openqa.selenium.chrome.ChromeDriver
Capabilities {acceptInsecureCerts: false, browserName: chrome, browserVersion: 137.0.7151.104, chrome: {chromedriverVersion: 137.0.7151.119 (e0ac9d12dff..., userDataDir: C:\Users\user\AppData\Local...}, fedcm:accounts: true, goog:chromeOptions: {debuggerAddress: localhost:64500}, networkConnectionEnabled: false, pageLoadStrategy: normal, platformName: windows, proxy: Proxy(), se:cdp: ws://localhost:64500/devtoo..., se:cdpVersion: 137.0.7151.104, setWindowRect: true, strictFileInteractability: false, timeouts: {implicit: 0, pageLoad: 300000, script: 30000}, unhandledPromptBehavior: dismiss and notify, webauthn:extension:credBlob: true, webauthn:extension:largeBlob: true, webauthn:extension:minPinLength: true, webauthn:extension:prf: true, webauthn:virtualAuthenticators: true}
Session ID: ec7709b39027768949ab1f23378beacc
at org.openqa.selenium.support.ui.WebDriverWait.timeoutException(WebDriverWait.java:84)
at org.openqa.selenium.support.ui.FluentWait.until(FluentWait.java:228)
at com.Capium.Actions.Capium_Bookkeeping_QuickEntery_Actions.ClickOnEdit(Capium_Bookkeeping_QuickEntery_Actions.java:180)
at com.Capium.stepDefinations.Capium_Bookkeeping_QuickEntry_Stepdef.click_edit_on_existing_quick_entry(Capium_Bookkeeping_QuickEntry_Stepdef.java:48)
at ✽.Click Edit on Existing QuickEntry(file:///D:/Capium_Automation_BK3.0/Capium_BK_3.0/src/test/resources/Feature_CapiumPurchase/BK_QuickEntry.feature:28)
]]>
    </error>
  </testcase> <!-- runScenario -->
  <testcase classname="com.Capium.TestRunFiles.Capium_BK_QuickEntry_runfile" name="runScenario" time="47.134">
    <error message="Expected condition failed: waiting for visibility of element located by By.xpath: (//select[@id=&#039;ddlaction&#039;])[1] (tried for 10 second(s) with 500 milliseconds interval)
Build info: version: &#039;4.23.0&#039;, revision: &#039;4df0a231af&#039;
System info: os.name: &#039;Windows 11&#039;, os.arch: &#039;amd64&#039;, os.version: &#039;10.0&#039;, java.version: &#039;17.0.12&#039;
Driver info: org.openqa.selenium.chrome.ChromeDriver
Capabilities {acceptInsecureCerts: false, browserName: chrome, browserVersion: 137.0.7151.104, chrome: {chromedriverVersion: 137.0.7151.119 (e0ac9d12dff..., userDataDir: C:\Users\user\AppData\Local...}, fedcm:accounts: true, goog:chromeOptions: {debuggerAddress: localhost:64500}, networkConnectionEnabled: false, pageLoadStrategy: normal, platformName: windows, proxy: Proxy(), se:cdp: ws://localhost:64500/devtoo..., se:cdpVersion: 137.0.7151.104, setWindowRect: true, strictFileInteractability: false, timeouts: {implicit: 0, pageLoad: 300000, script: 30000}, unhandledPromptBehavior: dismiss and notify, webauthn:extension:credBlob: true, webauthn:extension:largeBlob: true, webauthn:extension:minPinLength: true, webauthn:extension:prf: true, webauthn:virtualAuthenticators: true}
Session ID: ec7709b39027768949ab1f23378beacc" type="org.openqa.selenium.TimeoutException">
      <![CDATA[org.openqa.selenium.TimeoutException: Expected condition failed: waiting for visibility of element located by By.xpath: (//select[@id='ddlaction'])[1] (tried for 10 second(s) with 500 milliseconds interval)
Build info: version: '4.23.0', revision: '4df0a231af'
System info: os.name: 'Windows 11', os.arch: 'amd64', os.version: '10.0', java.version: '17.0.12'
Driver info: org.openqa.selenium.chrome.ChromeDriver
Capabilities {acceptInsecureCerts: false, browserName: chrome, browserVersion: 137.0.7151.104, chrome: {chromedriverVersion: 137.0.7151.119 (e0ac9d12dff..., userDataDir: C:\Users\user\AppData\Local...}, fedcm:accounts: true, goog:chromeOptions: {debuggerAddress: localhost:64500}, networkConnectionEnabled: false, pageLoadStrategy: normal, platformName: windows, proxy: Proxy(), se:cdp: ws://localhost:64500/devtoo..., se:cdpVersion: 137.0.7151.104, setWindowRect: true, strictFileInteractability: false, timeouts: {implicit: 0, pageLoad: 300000, script: 30000}, unhandledPromptBehavior: dismiss and notify, webauthn:extension:credBlob: true, webauthn:extension:largeBlob: true, webauthn:extension:minPinLength: true, webauthn:extension:prf: true, webauthn:virtualAuthenticators: true}
Session ID: ec7709b39027768949ab1f23378beacc
at org.openqa.selenium.support.ui.WebDriverWait.timeoutException(WebDriverWait.java:84)
at org.openqa.selenium.support.ui.FluentWait.until(FluentWait.java:228)
at com.Capium.Actions.Capium_Bookkeeping_QuickEntery_Actions.ClickOnPDFDownload(Capium_Bookkeeping_QuickEntery_Actions.java:190)
at com.Capium.stepDefinations.Capium_Bookkeeping_QuickEntry_Stepdef.go_to_action_dropdown_and_click_on_pdf_download(Capium_Bookkeeping_QuickEntry_Stepdef.java:90)
at ✽.Go to Action dropdown and click on PDF download(file:///D:/Capium_Automation_BK3.0/Capium_BK_3.0/src/test/resources/Feature_CapiumPurchase/BK_QuickEntry.feature:51)
]]>
    </error>
  </testcase> <!-- runScenario -->
</testsuite> <!-- com.Capium.TestRunFiles.Capium_BK_QuickEntry_runfile -->
