<?xml version="1.0" encoding="UTF-8"?>
<!-- Generated by org.testng.reporters.JUnitReportReporter -->
<testsuite hostname="DESKTOP-6G3MAL6" failures="0" tests="30" name="com.Capium.TestRunFiles.Capium_BK_Reports_runfile" time="1206.387" errors="0" timestamp="2025-06-22T14:09:13 IST" skipped="0">
  <testcase classname="com.Capium.TestRunFiles.Capium_BK_Reports_runfile" name="runScenario" time="36.218"/>
  <testcase classname="com.Capium.TestRunFiles.Capium_BK_Reports_runfile" name="runScenario" time="40.322"/>
  <testcase classname="com.Capium.TestRunFiles.Capium_BK_Reports_runfile" name="runScenario" time="40.369"/>
  <testcase classname="com.Capium.TestRunFiles.Capium_BK_Reports_runfile" name="runScenario" time="40.404"/>
  <testcase classname="com.Capium.TestRunFiles.Capium_BK_Reports_runfile" name="runScenario" time="38.550"/>
  <testcase classname="com.Capium.TestRunFiles.Capium_BK_Reports_runfile" name="runScenario" time="39.091"/>
  <testcase classname="com.Capium.TestRunFiles.Capium_BK_Reports_runfile" name="runScenario" time="40.329"/>
  <testcase classname="com.Capium.TestRunFiles.Capium_BK_Reports_runfile" name="runScenario" time="40.855"/>
  <testcase classname="com.Capium.TestRunFiles.Capium_BK_Reports_runfile" name="runScenario" time="40.679"/>
  <testcase classname="com.Capium.TestRunFiles.Capium_BK_Reports_runfile" name="runScenario" time="45.112"/>
  <testcase classname="com.Capium.TestRunFiles.Capium_BK_Reports_runfile" name="runScenario" time="37.166"/>
  <testcase classname="com.Capium.TestRunFiles.Capium_BK_Reports_runfile" name="runScenario" time="38.524"/>
  <testcase classname="com.Capium.TestRunFiles.Capium_BK_Reports_runfile" name="runScenario" time="38.729"/>
  <testcase classname="com.Capium.TestRunFiles.Capium_BK_Reports_runfile" name="runScenario" time="40.584"/>
  <testcase classname="com.Capium.TestRunFiles.Capium_BK_Reports_runfile" name="runScenario" time="40.426"/>
  <testcase classname="com.Capium.TestRunFiles.Capium_BK_Reports_runfile" name="runScenario" time="41.946"/>
  <testcase classname="com.Capium.TestRunFiles.Capium_BK_Reports_runfile" name="runScenario" time="40.616"/>
  <testcase classname="com.Capium.TestRunFiles.Capium_BK_Reports_runfile" name="runScenario" time="41.324"/>
  <testcase classname="com.Capium.TestRunFiles.Capium_BK_Reports_runfile" name="runScenario" time="39.772"/>
  <testcase classname="com.Capium.TestRunFiles.Capium_BK_Reports_runfile" name="runScenario" time="41.640"/>
  <testcase classname="com.Capium.TestRunFiles.Capium_BK_Reports_runfile" name="runScenario" time="40.257"/>
  <testcase classname="com.Capium.TestRunFiles.Capium_BK_Reports_runfile" name="runScenario" time="39.148"/>
  <testcase classname="com.Capium.TestRunFiles.Capium_BK_Reports_runfile" name="runScenario" time="39.132"/>
  <testcase classname="com.Capium.TestRunFiles.Capium_BK_Reports_runfile" name="runScenario" time="40.127"/>
  <testcase classname="com.Capium.TestRunFiles.Capium_BK_Reports_runfile" name="runScenario" time="41.084"/>
  <testcase classname="com.Capium.TestRunFiles.Capium_BK_Reports_runfile" name="runScenario" time="39.111"/>
  <testcase classname="com.Capium.TestRunFiles.Capium_BK_Reports_runfile" name="runScenario" time="41.468"/>
  <testcase classname="com.Capium.TestRunFiles.Capium_BK_Reports_runfile" name="runScenario" time="41.100"/>
  <testcase classname="com.Capium.TestRunFiles.Capium_BK_Reports_runfile" name="runScenario" time="39.146"/>
  <testcase classname="com.Capium.TestRunFiles.Capium_BK_Reports_runfile" name="runScenario" time="43.158"/>
</testsuite> <!-- com.Capium.TestRunFiles.Capium_BK_Reports_runfile -->
